<testsuites id="" name="" tests="13" failures="5" skipped="3" errors="0" time="74.901846">
<testsuite name="examples\example.spec.ts" timestamp="2025-04-04T14:38:37.791Z" hostname="chromium" tests="8" failures="4" skipped="2" time="77.804" errors="0">
<testcase name="example test" classname="examples\example.spec.ts" time="9.18">
<failure message="example.spec.ts:3:5 example test" type="FAILURE">
<![CDATA[  [chromium] › examples\example.spec.ts:3:5 › example test ─────────────────────────────────────────

    Error: page.goto: net::ERR_NAME_NOT_RESOLVED at https://plaaaaaaaaaaaaaaaaaaaaaaaaaa/
    Call log:
      - navigating to "https://plaaaaaaaaaaaaaaaaaaaaaaaaaa/", waiting until "load"


      2 |
      3 | test('example test', async ({ page }) => {
    > 4 |   await page.goto('https://plaAAAAAAAAAAAAAAAAAAAAAAAAA');
        |              ^
      5 |   await expect(page).toHaveTitle(/Playwright/);
      6 | });
      7 |
        at C:\BAVA\Tiger\Playwright\playwright-fares-tiger-tests\tests\examples\example.spec.ts:4:14

    Retry #1 ───────────────────────────────────────────────────────────────────────────────────────

    Error: page.goto: net::ERR_NAME_NOT_RESOLVED at https://plaaaaaaaaaaaaaaaaaaaaaaaaaa/
    Call log:
      - navigating to "https://plaaaaaaaaaaaaaaaaaaaaaaaaaa/", waiting until "load"


      2 |
      3 | test('example test', async ({ page }) => {
    > 4 |   await page.goto('https://plaAAAAAAAAAAAAAAAAAAAAAAAAA');
        |              ^
      5 |   await expect(page).toHaveTitle(/Playwright/);
      6 | });
      7 |
        at C:\BAVA\Tiger\Playwright\playwright-fares-tiger-tests\tests\examples\example.spec.ts:4:14

    Retry #2 ───────────────────────────────────────────────────────────────────────────────────────

    Error: page.goto: net::ERR_NAME_NOT_RESOLVED at https://plaaaaaaaaaaaaaaaaaaaaaaaaaa/
    Call log:
      - navigating to "https://plaaaaaaaaaaaaaaaaaaaaaaaaaa/", waiting until "load"


      2 |
      3 | test('example test', async ({ page }) => {
    > 4 |   await page.goto('https://plaAAAAAAAAAAAAAAAAAAAAAAAAA');
        |              ^
      5 |   await expect(page).toHaveTitle(/Playwright/);
      6 | });
      7 |
        at C:\BAVA\Tiger\Playwright\playwright-fares-tiger-tests\tests\examples\example.spec.ts:4:14

    Retry #3 ───────────────────────────────────────────────────────────────────────────────────────

    Error: page.goto: net::ERR_NAME_NOT_RESOLVED at https://plaaaaaaaaaaaaaaaaaaaaaaaaaa/
    Call log:
      - navigating to "https://plaaaaaaaaaaaaaaaaaaaaaaaaaa/", waiting until "load"


      2 |
      3 | test('example test', async ({ page }) => {
    > 4 |   await page.goto('https://plaAAAAAAAAAAAAAAAAAAAAAAAAA');
        |              ^
      5 |   await expect(page).toHaveTitle(/Playwright/);
      6 | });
      7 |
        at C:\BAVA\Tiger\Playwright\playwright-fares-tiger-tests\tests\examples\example.spec.ts:4:14
]]>
</failure>
</testcase>
<testcase name="example test 2" classname="examples\example.spec.ts" time="0.85">
</testcase>
<testcase name="test get started link 45" classname="examples\example.spec.ts" time="0">
<properties>
<property name="skip" value="">
</property>
</properties>
<skipped>
</skipped>
</testcase>
<testcase name="test started link" classname="examples\example.spec.ts" time="0.866">
</testcase>
<testcase name="test fasfasf get 3" classname="examples\example.spec.ts" time="22.312">
<failure message="example.spec.ts:25:5 test fasfasf get 3" type="FAILURE">
<![CDATA[  [chromium] › examples\example.spec.ts:25:5 › test fasfasf get 3 ──────────────────────────────────

    Error: Timed out 5000ms waiting for expect(locator).toBeVisible()

    Locator: getByRole('heading', { name: 'Instaffllation' })
    Expected: visible
    Received: <element(s) not found>
    Call log:
      - expect.toBeVisible with timeout 5000ms
      - waiting for getByRole('heading', { name: 'Instaffllation' })


      26 |   await page.goto('https://playwright.dev');
      27 |   await page.getByRole('link', { name: 'Get started' }).click();
    > 28 |   await expect(page.getByRole('heading', { name: 'Instaffllation' })).toBeVisible();
         |                                                                       ^
      29 | });
      30 |
      31 | test('get test started link 39 adfagfsadgsadg ', async ({ page }) => {
        at C:\BAVA\Tiger\Playwright\playwright-fares-tiger-tests\tests\examples\example.spec.ts:28:71

    Retry #1 ───────────────────────────────────────────────────────────────────────────────────────

    Error: Timed out 5000ms waiting for expect(locator).toBeVisible()

    Locator: getByRole('heading', { name: 'Instaffllation' })
    Expected: visible
    Received: <element(s) not found>
    Call log:
      - expect.toBeVisible with timeout 5000ms
      - waiting for getByRole('heading', { name: 'Instaffllation' })


      26 |   await page.goto('https://playwright.dev');
      27 |   await page.getByRole('link', { name: 'Get started' }).click();
    > 28 |   await expect(page.getByRole('heading', { name: 'Instaffllation' })).toBeVisible();
         |                                                                       ^
      29 | });
      30 |
      31 | test('get test started link 39 adfagfsadgsadg ', async ({ page }) => {
        at C:\BAVA\Tiger\Playwright\playwright-fares-tiger-tests\tests\examples\example.spec.ts:28:71

    Retry #2 ───────────────────────────────────────────────────────────────────────────────────────

    Error: Timed out 5000ms waiting for expect(locator).toBeVisible()

    Locator: getByRole('heading', { name: 'Instaffllation' })
    Expected: visible
    Received: <element(s) not found>
    Call log:
      - expect.toBeVisible with timeout 5000ms
      - waiting for getByRole('heading', { name: 'Instaffllation' })


      26 |   await page.goto('https://playwright.dev');
      27 |   await page.getByRole('link', { name: 'Get started' }).click();
    > 28 |   await expect(page.getByRole('heading', { name: 'Instaffllation' })).toBeVisible();
         |                                                                       ^
      29 | });
      30 |
      31 | test('get test started link 39 adfagfsadgsadg ', async ({ page }) => {
        at C:\BAVA\Tiger\Playwright\playwright-fares-tiger-tests\tests\examples\example.spec.ts:28:71

    Retry #3 ───────────────────────────────────────────────────────────────────────────────────────

    Error: Timed out 5000ms waiting for expect(locator).toBeVisible()

    Locator: getByRole('heading', { name: 'Instaffllation' })
    Expected: visible
    Received: <element(s) not found>
    Call log:
      - expect.toBeVisible with timeout 5000ms
      - waiting for getByRole('heading', { name: 'Instaffllation' })


      26 |   await page.goto('https://playwright.dev');
      27 |   await page.getByRole('link', { name: 'Get started' }).click();
    > 28 |   await expect(page.getByRole('heading', { name: 'Instaffllation' })).toBeVisible();
         |                                                                       ^
      29 | });
      30 |
      31 | test('get test started link 39 adfagfsadgsadg ', async ({ page }) => {
        at C:\BAVA\Tiger\Playwright\playwright-fares-tiger-tests\tests\examples\example.spec.ts:28:71
]]>
</failure>
</testcase>
<testcase name="get test started link 39 adfagfsadgsadg " classname="examples\example.spec.ts" time="22.256">
<failure message="example.spec.ts:31:5 get test started link 39 adfagfsadgsadg " type="FAILURE">
<![CDATA[  [chromium] › examples\example.spec.ts:31:5 › get test started link 39 adfagfsadgsadg  ────────────

    Error: Timed out 5000ms waiting for expect(locator).toBeVisible()

    Locator: getByRole('heading', { name: 'Igggggnst' })
    Expected: visible
    Received: <element(s) not found>
    Call log:
      - expect.toBeVisible with timeout 5000ms
      - waiting for getByRole('heading', { name: 'Igggggnst' })


      32 |   await page.goto('https://playwright.dev');
      33 |   await page.getByRole('link', { name: 'Get started' }).click();
    > 34 |   await expect(page.getByRole('heading', { name: 'Igggggnst' })).toBeVisible();
         |                                                                  ^
      35 | });
      36 |
      37 | test('test prooo  link 2', async ({ page }) => {
        at C:\BAVA\Tiger\Playwright\playwright-fares-tiger-tests\tests\examples\example.spec.ts:34:66

    Retry #1 ───────────────────────────────────────────────────────────────────────────────────────

    Error: Timed out 5000ms waiting for expect(locator).toBeVisible()

    Locator: getByRole('heading', { name: 'Igggggnst' })
    Expected: visible
    Received: <element(s) not found>
    Call log:
      - expect.toBeVisible with timeout 5000ms
      - waiting for getByRole('heading', { name: 'Igggggnst' })


      32 |   await page.goto('https://playwright.dev');
      33 |   await page.getByRole('link', { name: 'Get started' }).click();
    > 34 |   await expect(page.getByRole('heading', { name: 'Igggggnst' })).toBeVisible();
         |                                                                  ^
      35 | });
      36 |
      37 | test('test prooo  link 2', async ({ page }) => {
        at C:\BAVA\Tiger\Playwright\playwright-fares-tiger-tests\tests\examples\example.spec.ts:34:66

    Retry #2 ───────────────────────────────────────────────────────────────────────────────────────

    Error: Timed out 5000ms waiting for expect(locator).toBeVisible()

    Locator: getByRole('heading', { name: 'Igggggnst' })
    Expected: visible
    Received: <element(s) not found>
    Call log:
      - expect.toBeVisible with timeout 5000ms
      - waiting for getByRole('heading', { name: 'Igggggnst' })


      32 |   await page.goto('https://playwright.dev');
      33 |   await page.getByRole('link', { name: 'Get started' }).click();
    > 34 |   await expect(page.getByRole('heading', { name: 'Igggggnst' })).toBeVisible();
         |                                                                  ^
      35 | });
      36 |
      37 | test('test prooo  link 2', async ({ page }) => {
        at C:\BAVA\Tiger\Playwright\playwright-fares-tiger-tests\tests\examples\example.spec.ts:34:66

    Retry #3 ───────────────────────────────────────────────────────────────────────────────────────

    Error: Timed out 5000ms waiting for expect(locator).toBeVisible()

    Locator: getByRole('heading', { name: 'Igggggnst' })
    Expected: visible
    Received: <element(s) not found>
    Call log:
      - expect.toBeVisible with timeout 5000ms
      - waiting for getByRole('heading', { name: 'Igggggnst' })


      32 |   await page.goto('https://playwright.dev');
      33 |   await page.getByRole('link', { name: 'Get started' }).click();
    > 34 |   await expect(page.getByRole('heading', { name: 'Igggggnst' })).toBeVisible();
         |                                                                  ^
      35 | });
      36 |
      37 | test('test prooo  link 2', async ({ page }) => {
        at C:\BAVA\Tiger\Playwright\playwright-fares-tiger-tests\tests\examples\example.spec.ts:34:66
]]>
</failure>
</testcase>
<testcase name="test prooo  link 2" classname="examples\example.spec.ts" time="22.34">
<failure message="example.spec.ts:37:5 test prooo  link 2" type="FAILURE">
<![CDATA[  [chromium] › examples\example.spec.ts:37:5 › test prooo  link 2 ──────────────────────────────────

    Error: Timed out 5000ms waiting for expect(locator).toBeVisible()

    Locator: getByRole('heading', { name: 'Isdsssssssnstallation' })
    Expected: visible
    Received: <element(s) not found>
    Call log:
      - expect.toBeVisible with timeout 5000ms
      - waiting for getByRole('heading', { name: 'Isdsssssssnstallation' })


      38 |   await page.goto('https://playwright.dev');
      39 |   await page.getByRole('link', { name: 'Get started' }).click();
    > 40 |   await expect(page.getByRole('heading', { name: 'Isdsssssssnstallation' })).toBeVisible();
         |                                                                              ^
      41 | });
      42 |
      43 | test.skip('get started link 5', async ({ page }) => {
        at C:\BAVA\Tiger\Playwright\playwright-fares-tiger-tests\tests\examples\example.spec.ts:40:78

    Retry #1 ───────────────────────────────────────────────────────────────────────────────────────

    Error: Timed out 5000ms waiting for expect(locator).toBeVisible()

    Locator: getByRole('heading', { name: 'Isdsssssssnstallation' })
    Expected: visible
    Received: <element(s) not found>
    Call log:
      - expect.toBeVisible with timeout 5000ms
      - waiting for getByRole('heading', { name: 'Isdsssssssnstallation' })


      38 |   await page.goto('https://playwright.dev');
      39 |   await page.getByRole('link', { name: 'Get started' }).click();
    > 40 |   await expect(page.getByRole('heading', { name: 'Isdsssssssnstallation' })).toBeVisible();
         |                                                                              ^
      41 | });
      42 |
      43 | test.skip('get started link 5', async ({ page }) => {
        at C:\BAVA\Tiger\Playwright\playwright-fares-tiger-tests\tests\examples\example.spec.ts:40:78

    Retry #2 ───────────────────────────────────────────────────────────────────────────────────────

    Error: Timed out 5000ms waiting for expect(locator).toBeVisible()

    Locator: getByRole('heading', { name: 'Isdsssssssnstallation' })
    Expected: visible
    Received: <element(s) not found>
    Call log:
      - expect.toBeVisible with timeout 5000ms
      - waiting for getByRole('heading', { name: 'Isdsssssssnstallation' })


      38 |   await page.goto('https://playwright.dev');
      39 |   await page.getByRole('link', { name: 'Get started' }).click();
    > 40 |   await expect(page.getByRole('heading', { name: 'Isdsssssssnstallation' })).toBeVisible();
         |                                                                              ^
      41 | });
      42 |
      43 | test.skip('get started link 5', async ({ page }) => {
        at C:\BAVA\Tiger\Playwright\playwright-fares-tiger-tests\tests\examples\example.spec.ts:40:78

    Retry #3 ───────────────────────────────────────────────────────────────────────────────────────

    Error: Timed out 5000ms waiting for expect(locator).toBeVisible()

    Locator: getByRole('heading', { name: 'Isdsssssssnstallation' })
    Expected: visible
    Received: <element(s) not found>
    Call log:
      - expect.toBeVisible with timeout 5000ms
      - waiting for getByRole('heading', { name: 'Isdsssssssnstallation' })


      38 |   await page.goto('https://playwright.dev');
      39 |   await page.getByRole('link', { name: 'Get started' }).click();
    > 40 |   await expect(page.getByRole('heading', { name: 'Isdsssssssnstallation' })).toBeVisible();
         |                                                                              ^
      41 | });
      42 |
      43 | test.skip('get started link 5', async ({ page }) => {
        at C:\BAVA\Tiger\Playwright\playwright-fares-tiger-tests\tests\examples\example.spec.ts:40:78
]]>
</failure>
</testcase>
<testcase name="get started link 5" classname="examples\example.spec.ts" time="0">
<properties>
<property name="skip" value="">
</property>
</properties>
<skipped>
</skipped>
</testcase>
</testsuite>
<testsuite name="permiset\navigation.spec.ts" timestamp="2025-04-04T14:38:37.791Z" hostname="chromium" tests="5" failures="1" skipped="1" time="66.474" errors="0">
<testcase name="PermiSET Navigation › Go to homepage" classname="permiset\navigation.spec.ts" time="2.034">
</testcase>
<testcase name="PermiSET Navigation › left navigation" classname="permiset\navigation.spec.ts" time="3.48">
</testcase>
<testcase name="PermiSET Navigation › right navigation" classname="permiset\navigation.spec.ts" time="60.062">
<failure message="navigation.spec.ts:48:9 right navigation" type="FAILURE">
<![CDATA[  [chromium] › permiset\navigation.spec.ts:48:9 › PermiSET Navigation › right navigation ───────────

    TimeoutError: locator.click: Timeout 15000ms exceeded.
    Call log:
      - waiting for getByRole('button', { name: 'Sethgtings' })


      47 |
      48 |     test('right navigation', async () => {
    > 49 |         await page.getByRole('button', { name: 'Sethgtings' }).click();
         |                                                                ^
      50 |         await expect(page).toHaveURL(`${clientURL}/setting`);
      51 |     });
      52 |
        at C:\BAVA\Tiger\Playwright\playwright-fares-tiger-tests\tests\permiset\navigation.spec.ts:49:64

    Retry #1 ───────────────────────────────────────────────────────────────────────────────────────

    TimeoutError: locator.click: Timeout 15000ms exceeded.
    Call log:
      - waiting for getByRole('button', { name: 'Sethgtings' })


      47 |
      48 |     test('right navigation', async () => {
    > 49 |         await page.getByRole('button', { name: 'Sethgtings' }).click();
         |                                                                ^
      50 |         await expect(page).toHaveURL(`${clientURL}/setting`);
      51 |     });
      52 |
        at C:\BAVA\Tiger\Playwright\playwright-fares-tiger-tests\tests\permiset\navigation.spec.ts:49:64

    Retry #2 ───────────────────────────────────────────────────────────────────────────────────────

    TimeoutError: locator.click: Timeout 15000ms exceeded.
    Call log:
      - waiting for getByRole('button', { name: 'Sethgtings' })


      47 |
      48 |     test('right navigation', async () => {
    > 49 |         await page.getByRole('button', { name: 'Sethgtings' }).click();
         |                                                                ^
      50 |         await expect(page).toHaveURL(`${clientURL}/setting`);
      51 |     });
      52 |
        at C:\BAVA\Tiger\Playwright\playwright-fares-tiger-tests\tests\permiset\navigation.spec.ts:49:64

    Retry #3 ───────────────────────────────────────────────────────────────────────────────────────

    TimeoutError: locator.click: Timeout 15000ms exceeded.
    Call log:
      - waiting for getByRole('button', { name: 'Sethgtings' })


      47 |
      48 |     test('right navigation', async () => {
    > 49 |         await page.getByRole('button', { name: 'Sethgtings' }).click();
         |                                                                ^
      50 |         await expect(page).toHaveURL(`${clientURL}/setting`);
      51 |     });
      52 |
        at C:\BAVA\Tiger\Playwright\playwright-fares-tiger-tests\tests\permiset\navigation.spec.ts:49:64
]]>
</failure>
</testcase>
<testcase name="PermiSET Navigation › skippp   right navigation" classname="permiset\navigation.spec.ts" time="0">
<properties>
<property name="skip" value="">
</property>
</properties>
<skipped>
</skipped>
</testcase>
<testcase name="PermiSET Navigation › Go logout" classname="permiset\navigation.spec.ts" time="0.898">
</testcase>
</testsuite>
</testsuites>