<testsuites id="" name="" tests="5" failures="1" skipped="1" errors="0" time="26.998967">
<testsuite name="examples\example.spec.ts" timestamp="2025-04-11T13:53:41.575Z" hostname="chromium" tests="4" failures="1" skipped="1" time="27.198" errors="0">
<testcase name="example passed test 2" classname="examples\example.spec.ts" time="2.819">
</testcase>
<testcase name="example skip failed test 2" classname="examples\example.spec.ts" time="0">
<properties>
<property name="skip" value="">
</property>
</properties>
<skipped>
</skipped>
</testcase>
<testcase name="example failed test" classname="examples\example.spec.ts" time="24.343">
<failure message="example.spec.ts:16:5 example failed test" type="FAILURE">
<![CDATA[  [chromium] › examples\example.spec.ts:16:5 › example failed test ─────────────────────────────────

    Error: Timed out 5000ms waiting for expect(locator).toBeVisible()

    Locator: getByRole('heading', { name: 'Instaffllagjfsjtion' })
    Expected: visible
    Received: <element(s) not found>
    Call log:
      - expect.toBeVisible with timeout 5000ms
      - waiting for getByRole('heading', { name: 'Instaffllagjfsjtion' })


      17 |   await page.goto('https://playwright.dev');
      18 |   await page.getByRole('link', { name: 'Get started' }).click();
    > 19 |   await expect(page.getByRole('heading', { name: 'Instaffllagjfsjtion' })).toBeVisible();
         |                                                                            ^
      20 | });
      21 |
      22 |
        at C:\BAVA\Tiger\Playwright\playwright-fares-tiger-tests\tests\examples\example.spec.ts:19:76

    Retry #1 ───────────────────────────────────────────────────────────────────────────────────────

    Error: Timed out 5000ms waiting for expect(locator).toBeVisible()

    Locator: getByRole('heading', { name: 'Instaffllagjfsjtion' })
    Expected: visible
    Received: <element(s) not found>
    Call log:
      - expect.toBeVisible with timeout 5000ms
      - waiting for getByRole('heading', { name: 'Instaffllagjfsjtion' })


      17 |   await page.goto('https://playwright.dev');
      18 |   await page.getByRole('link', { name: 'Get started' }).click();
    > 19 |   await expect(page.getByRole('heading', { name: 'Instaffllagjfsjtion' })).toBeVisible();
         |                                                                            ^
      20 | });
      21 |
      22 |
        at C:\BAVA\Tiger\Playwright\playwright-fares-tiger-tests\tests\examples\example.spec.ts:19:76

    Retry #2 ───────────────────────────────────────────────────────────────────────────────────────

    Error: Timed out 5000ms waiting for expect(locator).toBeVisible()

    Locator: getByRole('heading', { name: 'Instaffllagjfsjtion' })
    Expected: visible
    Received: <element(s) not found>
    Call log:
      - expect.toBeVisible with timeout 5000ms
      - waiting for getByRole('heading', { name: 'Instaffllagjfsjtion' })


      17 |   await page.goto('https://playwright.dev');
      18 |   await page.getByRole('link', { name: 'Get started' }).click();
    > 19 |   await expect(page.getByRole('heading', { name: 'Instaffllagjfsjtion' })).toBeVisible();
         |                                                                            ^
      20 | });
      21 |
      22 |
        at C:\BAVA\Tiger\Playwright\playwright-fares-tiger-tests\tests\examples\example.spec.ts:19:76

    Retry #3 ───────────────────────────────────────────────────────────────────────────────────────

    Error: Timed out 5000ms waiting for expect(locator).toBeVisible()

    Locator: getByRole('heading', { name: 'Instaffllagjfsjtion' })
    Expected: visible
    Received: <element(s) not found>
    Call log:
      - expect.toBeVisible with timeout 5000ms
      - waiting for getByRole('heading', { name: 'Instaffllagjfsjtion' })


      17 |   await page.goto('https://playwright.dev');
      18 |   await page.getByRole('link', { name: 'Get started' }).click();
    > 19 |   await expect(page.getByRole('heading', { name: 'Instaffllagjfsjtion' })).toBeVisible();
         |                                                                            ^
      20 | });
      21 |
      22 |
        at C:\BAVA\Tiger\Playwright\playwright-fares-tiger-tests\tests\examples\example.spec.ts:19:76
]]>
</failure>
</testcase>
<testcase name="Example times flaky test " classname="examples\example.spec.ts" time="0.036">
<system-out>
<![CDATA[Random value 1: 0.2945327384194687
Random value 1: 0.04054267177011783
Random value 1: 0.9130179731989401
]]>
</system-out>
</testcase>
</testsuite>
<testsuite name="tiger\search-winter.spec.ts" timestamp="2025-04-11T13:53:41.575Z" hostname="chromium" tests="1" failures="0" skipped="0" time="12.855" errors="0">
<testcase name="Tiger winter search test › Left aside filter" classname="tiger\search-winter.spec.ts" time="12.855">
<system-out>
<![CDATA[✅ Successfully logged into Production.
⏳ Loading time: 1.989 seconds
Total number of hotels: [33m239[39m
✅ The test was completed successfully.
]]>
</system-out>
</testcase>
</testsuite>
</testsuites>