<testsuites id="" name="" tests="8" failures="4" skipped="1" errors="0" time="32.122634999999995">
<testsuite name="examples\example.spec.ts" timestamp="2025-04-07T14:54:14.170Z" hostname="chromium" tests="7" failures="3" skipped="1" time="69.939" errors="0">
<testcase name="example test" classname="examples\example.spec.ts" time="9.197">
<failure message="example.spec.ts:3:5 example test" type="FAILURE">
<![CDATA[  [chromium] › examples\example.spec.ts:3:5 › example test ─────────────────────────────────────────

    Error: page.goto: net::ERR_NAME_NOT_RESOLVED at https://plaaaaaaaaaaaaaaaaaaaaaaaaaa/
    Call log:
      - navigating to "https://plaaaaaaaaaaaaaaaaaaaaaaaaaa/", waiting until "load"


      2 |
      3 | test('example test', async ({ page }) => {
    > 4 |   await page.goto('https://plaAAAAAAAAAAAAAAAAAAAAAAAAA');
        |              ^
      5 |   await expect(page).toHaveTitle(/Playwright/);
      6 | });
      7 |
        at C:\BAVA\Tiger\Playwright\playwright-fares-tiger-tests\tests\examples\example.spec.ts:4:14

    Retry #1 ───────────────────────────────────────────────────────────────────────────────────────

    Error: page.goto: net::ERR_NAME_NOT_RESOLVED at https://plaaaaaaaaaaaaaaaaaaaaaaaaaa/
    Call log:
      - navigating to "https://plaaaaaaaaaaaaaaaaaaaaaaaaaa/", waiting until "load"


      2 |
      3 | test('example test', async ({ page }) => {
    > 4 |   await page.goto('https://plaAAAAAAAAAAAAAAAAAAAAAAAAA');
        |              ^
      5 |   await expect(page).toHaveTitle(/Playwright/);
      6 | });
      7 |
        at C:\BAVA\Tiger\Playwright\playwright-fares-tiger-tests\tests\examples\example.spec.ts:4:14

    Retry #2 ───────────────────────────────────────────────────────────────────────────────────────

    Error: page.goto: net::ERR_NAME_NOT_RESOLVED at https://plaaaaaaaaaaaaaaaaaaaaaaaaaa/
    Call log:
      - navigating to "https://plaaaaaaaaaaaaaaaaaaaaaaaaaa/", waiting until "load"


      2 |
      3 | test('example test', async ({ page }) => {
    > 4 |   await page.goto('https://plaAAAAAAAAAAAAAAAAAAAAAAAAA');
        |              ^
      5 |   await expect(page).toHaveTitle(/Playwright/);
      6 | });
      7 |
        at C:\BAVA\Tiger\Playwright\playwright-fares-tiger-tests\tests\examples\example.spec.ts:4:14

    Retry #3 ───────────────────────────────────────────────────────────────────────────────────────

    Error: page.goto: net::ERR_NAME_NOT_RESOLVED at https://plaaaaaaaaaaaaaaaaaaaaaaaaaa/
    Call log:
      - navigating to "https://plaaaaaaaaaaaaaaaaaaaaaaaaaa/", waiting until "load"


      2 |
      3 | test('example test', async ({ page }) => {
    > 4 |   await page.goto('https://plaAAAAAAAAAAAAAAAAAAAAAAAAA');
        |              ^
      5 |   await expect(page).toHaveTitle(/Playwright/);
      6 | });
      7 |
        at C:\BAVA\Tiger\Playwright\playwright-fares-tiger-tests\tests\examples\example.spec.ts:4:14
]]>
</failure>
</testcase>
<testcase name="example test 2" classname="examples\example.spec.ts" time="3.844">
</testcase>
<testcase name="test get started link 45" classname="examples\example.spec.ts" time="0">
<properties>
<property name="skip" value="">
</property>
</properties>
<skipped>
</skipped>
</testcase>
<testcase name="test started link" classname="examples\example.spec.ts" time="4.042">
</testcase>
<testcase name="test fasfasf get 3" classname="examples\example.spec.ts" time="26.865">
<failure message="example.spec.ts:26:5 test fasfasf get 3" type="FAILURE">
<![CDATA[  [chromium] › examples\example.spec.ts:26:5 › test fasfasf get 3 ──────────────────────────────────

    Error: Timed out 5000ms waiting for expect(locator).toBeVisible()

    Locator: getByRole('heading', { name: 'Instaffllation' })
    Expected: visible
    Received: <element(s) not found>
    Call log:
      - expect.toBeVisible with timeout 5000ms
      - waiting for getByRole('heading', { name: 'Instaffllation' })


      27 |   await page.goto('https://playwright.dev');
      28 |   await page.getByRole('link', { name: 'Get started' }).click();
    > 29 |   await expect(page.getByRole('heading', { name: 'Instaffllation' })).toBeVisible();
         |                                                                       ^
      30 | });
      31 | /*
      32 | test('get test started link 39 adfagfsadgsadg ', async ({ page }) => {
        at C:\BAVA\Tiger\Playwright\playwright-fares-tiger-tests\tests\examples\example.spec.ts:29:71

    Retry #1 ───────────────────────────────────────────────────────────────────────────────────────

    Error: Timed out 5000ms waiting for expect(locator).toBeVisible()

    Locator: getByRole('heading', { name: 'Instaffllation' })
    Expected: visible
    Received: <element(s) not found>
    Call log:
      - expect.toBeVisible with timeout 5000ms
      - waiting for getByRole('heading', { name: 'Instaffllation' })


      27 |   await page.goto('https://playwright.dev');
      28 |   await page.getByRole('link', { name: 'Get started' }).click();
    > 29 |   await expect(page.getByRole('heading', { name: 'Instaffllation' })).toBeVisible();
         |                                                                       ^
      30 | });
      31 | /*
      32 | test('get test started link 39 adfagfsadgsadg ', async ({ page }) => {
        at C:\BAVA\Tiger\Playwright\playwright-fares-tiger-tests\tests\examples\example.spec.ts:29:71

    Retry #2 ───────────────────────────────────────────────────────────────────────────────────────

    Error: Timed out 5000ms waiting for expect(locator).toBeVisible()

    Locator: getByRole('heading', { name: 'Instaffllation' })
    Expected: visible
    Received: <element(s) not found>
    Call log:
      - expect.toBeVisible with timeout 5000ms
      - waiting for getByRole('heading', { name: 'Instaffllation' })


      27 |   await page.goto('https://playwright.dev');
      28 |   await page.getByRole('link', { name: 'Get started' }).click();
    > 29 |   await expect(page.getByRole('heading', { name: 'Instaffllation' })).toBeVisible();
         |                                                                       ^
      30 | });
      31 | /*
      32 | test('get test started link 39 adfagfsadgsadg ', async ({ page }) => {
        at C:\BAVA\Tiger\Playwright\playwright-fares-tiger-tests\tests\examples\example.spec.ts:29:71

    Retry #3 ───────────────────────────────────────────────────────────────────────────────────────

    Error: Timed out 5000ms waiting for expect(locator).toBeVisible()

    Locator: getByRole('heading', { name: 'Instaffllation' })
    Expected: visible
    Received: <element(s) not found>
    Call log:
      - expect.toBeVisible with timeout 5000ms
      - waiting for getByRole('heading', { name: 'Instaffllation' })


      27 |   await page.goto('https://playwright.dev');
      28 |   await page.getByRole('link', { name: 'Get started' }).click();
    > 29 |   await expect(page.getByRole('heading', { name: 'Instaffllation' })).toBeVisible();
         |                                                                       ^
      30 | });
      31 | /*
      32 | test('get test started link 39 adfagfsadgsadg ', async ({ page }) => {
        at C:\BAVA\Tiger\Playwright\playwright-fares-tiger-tests\tests\examples\example.spec.ts:29:71
]]>
</failure>
</testcase>
<testcase name="test prooo  link 2" classname="examples\example.spec.ts" time="25.923">
<failure message="example.spec.ts:39:5 test prooo  link 2" type="FAILURE">
<![CDATA[  [chromium] › examples\example.spec.ts:39:5 › test prooo  link 2 ──────────────────────────────────

    Error: Timed out 5000ms waiting for expect(locator).toBeVisible()

    Locator: getByRole('heading', { name: 'Isdsssssssnstallation' })
    Expected: visible
    Received: <element(s) not found>
    Call log:
      - expect.toBeVisible with timeout 5000ms
      - waiting for getByRole('heading', { name: 'Isdsssssssnstallation' })


      40 |   await page.goto('https://playwright.dev');
      41 |   await page.getByRole('link', { name: 'Get started' }).click();
    > 42 |   await expect(page.getByRole('heading', { name: 'Isdsssssssnstallation' })).toBeVisible();
         |                                                                              ^
      43 | });
      44 | /*
      45 | test.skip('get started link 5', async ({ page }) => {
        at C:\BAVA\Tiger\Playwright\playwright-fares-tiger-tests\tests\examples\example.spec.ts:42:78

    Retry #1 ───────────────────────────────────────────────────────────────────────────────────────

    Error: Timed out 5000ms waiting for expect(locator).toBeVisible()

    Locator: getByRole('heading', { name: 'Isdsssssssnstallation' })
    Expected: visible
    Received: <element(s) not found>
    Call log:
      - expect.toBeVisible with timeout 5000ms
      - waiting for getByRole('heading', { name: 'Isdsssssssnstallation' })


      40 |   await page.goto('https://playwright.dev');
      41 |   await page.getByRole('link', { name: 'Get started' }).click();
    > 42 |   await expect(page.getByRole('heading', { name: 'Isdsssssssnstallation' })).toBeVisible();
         |                                                                              ^
      43 | });
      44 | /*
      45 | test.skip('get started link 5', async ({ page }) => {
        at C:\BAVA\Tiger\Playwright\playwright-fares-tiger-tests\tests\examples\example.spec.ts:42:78

    Retry #2 ───────────────────────────────────────────────────────────────────────────────────────

    Error: Timed out 5000ms waiting for expect(locator).toBeVisible()

    Locator: getByRole('heading', { name: 'Isdsssssssnstallation' })
    Expected: visible
    Received: <element(s) not found>
    Call log:
      - expect.toBeVisible with timeout 5000ms
      - waiting for getByRole('heading', { name: 'Isdsssssssnstallation' })


      40 |   await page.goto('https://playwright.dev');
      41 |   await page.getByRole('link', { name: 'Get started' }).click();
    > 42 |   await expect(page.getByRole('heading', { name: 'Isdsssssssnstallation' })).toBeVisible();
         |                                                                              ^
      43 | });
      44 | /*
      45 | test.skip('get started link 5', async ({ page }) => {
        at C:\BAVA\Tiger\Playwright\playwright-fares-tiger-tests\tests\examples\example.spec.ts:42:78

    Retry #3 ───────────────────────────────────────────────────────────────────────────────────────

    Error: Timed out 5000ms waiting for expect(locator).toBeVisible()

    Locator: getByRole('heading', { name: 'Isdsssssssnstallation' })
    Expected: visible
    Received: <element(s) not found>
    Call log:
      - expect.toBeVisible with timeout 5000ms
      - waiting for getByRole('heading', { name: 'Isdsssssssnstallation' })


      40 |   await page.goto('https://playwright.dev');
      41 |   await page.getByRole('link', { name: 'Get started' }).click();
    > 42 |   await expect(page.getByRole('heading', { name: 'Isdsssssssnstallation' })).toBeVisible();
         |                                                                              ^
      43 | });
      44 | /*
      45 | test.skip('get started link 5', async ({ page }) => {
        at C:\BAVA\Tiger\Playwright\playwright-fares-tiger-tests\tests\examples\example.spec.ts:42:78
]]>
</failure>
</testcase>
<testcase name="flaky test example" classname="examples\example.spec.ts" time="0.068">
<system-out>
<![CDATA[Random value: 0.01611254027183251
Random value: 0.21336143114388717
Random value: 0.3126435056732906
Random value: 0.8743307157665747
]]>
</system-out>
</testcase>
</testsuite>
<testsuite name="tiger\booking.spec.ts" timestamp="2025-04-07T14:54:14.170Z" hostname="chromium" tests="1" failures="1" skipped="0" time="26.108" errors="0">
<testcase name="Booking Folder test" classname="tiger\booking.spec.ts" time="26.108">
<failure message="booking.spec.ts:3:5 Booking Folder test" type="FAILURE">
<![CDATA[  [chromium] › tiger\booking.spec.ts:3:5 › Booking Folder test ─────────────────────────────────────

    Error: Timed out 5000ms waiting for expect(locator).toBeVisible()

    Locator: getByRole('heading', { name: 'Instaffllation' })
    Expected: visible
    Received: <element(s) not found>
    Call log:
      - expect.toBeVisible with timeout 5000ms
      - waiting for getByRole('heading', { name: 'Instaffllation' })


      4 |   await page.goto('https://playwright.dev');
      5 |   await page.getByRole('link', { name: 'Get started' }).click();
    > 6 |   await expect(page.getByRole('heading', { name: 'Instaffllation' })).toBeVisible();
        |                                                                       ^
      7 | });
        at C:\BAVA\Tiger\Playwright\playwright-fares-tiger-tests\tests\tiger\booking.spec.ts:6:71

    Retry #1 ───────────────────────────────────────────────────────────────────────────────────────

    Error: Timed out 5000ms waiting for expect(locator).toBeVisible()

    Locator: getByRole('heading', { name: 'Instaffllation' })
    Expected: visible
    Received: <element(s) not found>
    Call log:
      - expect.toBeVisible with timeout 5000ms
      - waiting for getByRole('heading', { name: 'Instaffllation' })


      4 |   await page.goto('https://playwright.dev');
      5 |   await page.getByRole('link', { name: 'Get started' }).click();
    > 6 |   await expect(page.getByRole('heading', { name: 'Instaffllation' })).toBeVisible();
        |                                                                       ^
      7 | });
        at C:\BAVA\Tiger\Playwright\playwright-fares-tiger-tests\tests\tiger\booking.spec.ts:6:71

    Retry #2 ───────────────────────────────────────────────────────────────────────────────────────

    Error: Timed out 5000ms waiting for expect(locator).toBeVisible()

    Locator: getByRole('heading', { name: 'Instaffllation' })
    Expected: visible
    Received: <element(s) not found>
    Call log:
      - expect.toBeVisible with timeout 5000ms
      - waiting for getByRole('heading', { name: 'Instaffllation' })


      4 |   await page.goto('https://playwright.dev');
      5 |   await page.getByRole('link', { name: 'Get started' }).click();
    > 6 |   await expect(page.getByRole('heading', { name: 'Instaffllation' })).toBeVisible();
        |                                                                       ^
      7 | });
        at C:\BAVA\Tiger\Playwright\playwright-fares-tiger-tests\tests\tiger\booking.spec.ts:6:71

    Retry #3 ───────────────────────────────────────────────────────────────────────────────────────

    Error: Timed out 5000ms waiting for expect(locator).toBeVisible()

    Locator: getByRole('heading', { name: 'Instaffllation' })
    Expected: visible
    Received: <element(s) not found>
    Call log:
      - expect.toBeVisible with timeout 5000ms
      - waiting for getByRole('heading', { name: 'Instaffllation' })


      4 |   await page.goto('https://playwright.dev');
      5 |   await page.getByRole('link', { name: 'Get started' }).click();
    > 6 |   await expect(page.getByRole('heading', { name: 'Instaffllation' })).toBeVisible();
        |                                                                       ^
      7 | });
        at C:\BAVA\Tiger\Playwright\playwright-fares-tiger-tests\tests\tiger\booking.spec.ts:6:71
]]>
</failure>
</testcase>
</testsuite>
</testsuites>